<?xml version="1.0" encoding="UTF-8"?>
<testsuite xmlns:xsi="http://www.w3.org/2001/XMLSchema-instance" xsi:schemaLocation="https://maven.apache.org/surefire/maven-surefire-plugin/xsd/surefire-test-report.xsd" name="com.bofa.BofATest" time="283.322" tests="27" errors="0" skipped="4" failures="3">
  <properties>
[...]
</properties>
  <testcase name="BofAPageTitle" classname="com.bofa.BofATest" time="13.996"/>
  <testcase name="BofAPageTitle" classname="com.bofa.BofATest" time="14.738"/>
  <testcase name="BofAPageTitle" classname="com.bofa.BofATest" time="0.339"/>
  <testcase name="BofAPageTitle" classname="com.bofa.BofATest" time="1.138"/>
  <testcase name="BofAPageTitle" classname="com.bofa.BofATest" time="2.255"/>
  <testcase name="BofAPageTitle" classname="com.bofa.BofATest" time="2.751"/>
  <testcase name="BofAPageTitle" classname="com.bofa.BofATest" time="7.603"/>
  <testcase name="BofAPageTitle" classname="com.bofa.BofATest" time="15.427"/>
  <testcase name="BofAPageTitle" classname="com.bofa.BofATest" time="19.927"/>
  <testcase name="BofAPageTitle" classname="com.bofa.BofATest" time="32.905">
    <failure message="Infrastructure Error -- The Sauce VMs failed to start the browser or device.&#10;For more info, please check https://docs.saucelabs.com/dev/error-messages (WARNING: The server did not provide any stacktrace information)&#10;Command duration or timeout: 52.95 seconds&#10;Build info: version: &apos;3.14.0&apos;, revision: &apos;aacccce0&apos;, time: &apos;2018-08-02T20:19:58.91Z&apos;&#10;System info: host: &apos;SL-2037&apos;, ip: &apos;fe80:0:0:0:1c02:6313:a364:673%en0&apos;, os.name: &apos;Mac OS X&apos;, os.arch: &apos;x86_64&apos;, os.version: &apos;10.16&apos;, java.version: &apos;1.8.0_271&apos;&#10;Driver info: driver.version: RemoteWebDriver" type="org.openqa.selenium.WebDriverException">org.openqa.selenium.WebDriverException: 
Infrastructure Error -- The Sauce VMs failed to start the browser or device.
For more info, please check https://docs.saucelabs.com/dev/error-messages (WARNING: The server did not provide any stacktrace information)
Command duration or timeout: 52.95 seconds
Build info: version: '3.14.0', revision: 'aacccce0', time: '2018-08-02T20:19:58.91Z'
System info: host: 'SL-2037', ip: 'fe80:0:0:0:1c02:6313:a364:673%en0', os.name: 'Mac OS X', os.arch: 'x86_64', os.version: '10.16', java.version: '1.8.0_271'
Driver info: driver.version: RemoteWebDriver
	at com.bofa.BofATest.createDriver(BofATest.java:86)
	at com.bofa.BofATest.BofAPageTitle(BofATest.java:124)
</failure>
  </testcase>
  <testcase name="BofAPageTitle" classname="com.bofa.BofATest" time="35.018"/>
  <testcase name="BofAFunc" classname="com.bofa.BofATest" time="7.217"/>
  <testcase name="BofAFunc" classname="com.bofa.BofATest" time="7.298"/>
  <testcase name="BofAFunc" classname="com.bofa.BofATest" time="1.021"/>
  <testcase name="BofAFunc" classname="com.bofa.BofATest" time="3.517"/>
  <testcase name="BofAFunc" classname="com.bofa.BofATest" time="10.924"/>
  <testcase name="BofAFunc" classname="com.bofa.BofATest" time="14.308"/>
  <testcase name="BofAFunc" classname="com.bofa.BofATest" time="16.422"/>
  <testcase name="BofAFunc" classname="com.bofa.BofATest" time="31.286"/>
  <testcase name="BofAFunc" classname="com.bofa.BofATest" time="33.523">
    <failure message="Infrastructure Error -- The Sauce VMs failed to start the browser or device.&#10;For more info, please check https://docs.saucelabs.com/dev/error-messages (WARNING: The server did not provide any stacktrace information)&#10;Command duration or timeout: 53.59 seconds&#10;Build info: version: &apos;3.14.0&apos;, revision: &apos;aacccce0&apos;, time: &apos;2018-08-02T20:19:58.91Z&apos;&#10;System info: host: &apos;SL-2037&apos;, ip: &apos;fe80:0:0:0:1c02:6313:a364:673%en0&apos;, os.name: &apos;Mac OS X&apos;, os.arch: &apos;x86_64&apos;, os.version: &apos;10.16&apos;, java.version: &apos;1.8.0_271&apos;&#10;Driver info: driver.version: RemoteWebDriver" type="org.openqa.selenium.WebDriverException">org.openqa.selenium.WebDriverException: 
Infrastructure Error -- The Sauce VMs failed to start the browser or device.
For more info, please check https://docs.saucelabs.com/dev/error-messages (WARNING: The server did not provide any stacktrace information)
Command duration or timeout: 53.59 seconds
Build info: version: '3.14.0', revision: 'aacccce0', time: '2018-08-02T20:19:58.91Z'
System info: host: 'SL-2037', ip: 'fe80:0:0:0:1c02:6313:a364:673%en0', os.name: 'Mac OS X', os.arch: 'x86_64', os.version: '10.16', java.version: '1.8.0_271'
Driver info: driver.version: RemoteWebDriver
	at com.bofa.BofATest.createDriver(BofATest.java:86)
	at com.bofa.BofATest.BofAFunc(BofATest.java:131)
</failure>
  </testcase>
  <testcase name="BofAFunc" classname="com.bofa.BofATest" time="52.386"/>
  <testcase name="BofAFunc" classname="com.bofa.BofATest" time="260.494"/>
  <testcase name="tearDown" classname="com.bofa.BofATest" time="32.905">
    <failure type="java.lang.NullPointerException">java.lang.NullPointerException
	at com.bofa.BofATest.tearDown(BofATest.java:108)
</failure>
  </testcase>
  <testcase name="tearDown" classname="com.bofa.BofATest" time="0">
    <skipped/>
  </testcase>
  <testcase name="tearDown" classname="com.bofa.BofATest" time="0">
    <skipped/>
  </testcase>
  <testcase name="tearDown" classname="com.bofa.BofATest" time="0">
    <skipped/>
  </testcase>
  <testcase name="tearDown" classname="com.bofa.BofATest" time="0">
    <skipped/>
  </testcase>
</testsuite>