<?xml version="1.0" encoding="UTF-8"?>
<testsuite xmlns:xsi="http://www.w3.org/2001/XMLSchema-instance" xsi:schemaLocation="https://maven.apache.org/surefire/maven-surefire-plugin/xsd/surefire-test-report.xsd" name="com.unifi.UnifiTest" time="326.818" tests="36" errors="0" skipped="9" failures="17">
  <properties>
[...]
</properties>
  <testcase name="UnifiPageTitle" classname="com.unifi.UnifiTest" time="16.323">
    <failure message="expected [Unifi - North America&amp;#039;s Largest Provider of Aviation Services] but found [Unifi - North America&apos;s Largest Provider of Aviation Services]" type="java.lang.AssertionError"><![CDATA[java.lang.AssertionError: expected [Unifi - North America&#039;s Largest Provider of Aviation Services] but found [Unifi - North America's Largest Provider of Aviation Services]
	at com.unifi.UnifiTest.UnifiPageTitle(UnifiTest.java:128)
]]></failure>
    <system-out><![CDATA[WebDriverRemoteWebDriver: internet explorer on WINDOWS (9749f6a23dae4e15bfac66e8acadfa40)
WebDriverRemoteWebDriver: internet explorer on WINDOWS (60b1df2005e14192897fcd8217cf64ce)
SauceOnDemandSessionID=9749f6a23dae4e15bfac66e8acadfa40 job-name=UnifiPageTitle
SauceOnDemandSessionID=60b1df2005e14192897fcd8217cf64ce job-name=UnifiFunc
WebDriverRemoteWebDriver: msedge on WINDOWS (d97e0705c2324421bdf5823924048239)
SauceOnDemandSessionID=d97e0705c2324421bdf5823924048239 job-name=UnifiPageTitle
WebDriverRemoteWebDriver: firefox on ANY (8da3ecccf60c464f926c6592e5278130)
SauceOnDemandSessionID=8da3ecccf60c464f926c6592e5278130 job-name=UnifiPageTitle
WebDriverRemoteWebDriver: safari on MAC (9c7b592cd4114e0fb5622cdf585fe7f3)
SauceOnDemandSessionID=9c7b592cd4114e0fb5622cdf585fe7f3 job-name=UnifiFunc
WebDriverRemoteWebDriver: Safari on MAC (3d48775ec6d34e26b81aec1e61166153)
SauceOnDemandSessionID=3d48775ec6d34e26b81aec1e61166153 job-name=UnifiPageTitle
WebDriverRemoteWebDriver: firefox on ANY (62480090a15148cfb1d6e407a209b1e3)
SauceOnDemandSessionID=62480090a15148cfb1d6e407a209b1e3 job-name=UnifiFunc
WebDriverRemoteWebDriver: safari on MAC (0d3ded9ff32243feb6707ca00f92dc8f)
SauceOnDemandSessionID=0d3ded9ff32243feb6707ca00f92dc8f job-name=UnifiPageTitle
WebDriverRemoteWebDriver: msedge on WINDOWS (391026814a79446cbe59ae7f284c6889)
SauceOnDemandSessionID=391026814a79446cbe59ae7f284c6889 job-name=UnifiFunc
WebDriverRemoteWebDriver: Safari on MAC (0f3643facabb4d89b19894367a1d6fdf)
WebDriverRemoteWebDriver: firefox on ANY (c4329e3561c8482fa006796f3329407e)
SauceOnDemandSessionID=0f3643facabb4d89b19894367a1d6fdf job-name=UnifiFunc
SauceOnDemandSessionID=c4329e3561c8482fa006796f3329407e job-name=UnifiFunc
WebDriverRemoteWebDriver: firefox on ANY (bb58d97c4f344609936fe115e497100d)
SauceOnDemandSessionID=bb58d97c4f344609936fe115e497100d job-name=UnifiPageTitle
]]></system-out>
    <system-err><![CDATA[Feb 07, 2023 9:50:20 AM org.openqa.selenium.remote.ProtocolHandshake createSession
INFO: Detected dialect: OSS
Feb 07, 2023 9:50:20 AM org.openqa.selenium.remote.ProtocolHandshake createSession
INFO: Detected dialect: OSS
Feb 07, 2023 9:50:22 AM org.openqa.selenium.remote.ProtocolHandshake createSession
INFO: Detected dialect: OSS
Feb 07, 2023 9:50:23 AM org.openqa.selenium.remote.ProtocolHandshake createSession
INFO: Detected dialect: OSS
Feb 07, 2023 9:50:23 AM org.openqa.selenium.remote.ProtocolHandshake createSession
INFO: Detected dialect: OSS
Feb 07, 2023 9:50:24 AM org.openqa.selenium.remote.ProtocolHandshake createSession
INFO: Detected dialect: OSS
Feb 07, 2023 9:50:24 AM org.openqa.selenium.remote.ProtocolHandshake createSession
INFO: Detected dialect: OSS
Feb 07, 2023 9:50:24 AM org.openqa.selenium.remote.ProtocolHandshake createSession
INFO: Detected dialect: OSS
Feb 07, 2023 9:50:24 AM org.openqa.selenium.remote.ProtocolHandshake createSession
INFO: Detected dialect: OSS
Feb 07, 2023 9:50:26 AM org.openqa.selenium.remote.ProtocolHandshake createSession
INFO: Detected dialect: OSS
Feb 07, 2023 9:50:26 AM org.openqa.selenium.remote.ProtocolHandshake createSession
INFO: Detected dialect: OSS
Feb 07, 2023 9:50:26 AM org.openqa.selenium.remote.ProtocolHandshake createSession
INFO: Detected dialect: OSS
]]></system-err>
  </testcase>
  <testcase name="UnifiPageTitle" classname="com.unifi.UnifiTest" time="0.848">
    <failure message="expected [Unifi - North America&amp;#039;s Largest Provider of Aviation Services] but found [Unifi - North America&apos;s Largest Provider of Aviation Services]" type="java.lang.AssertionError"><![CDATA[java.lang.AssertionError: expected [Unifi - North America&#039;s Largest Provider of Aviation Services] but found [Unifi - North America's Largest Provider of Aviation Services]
	at com.unifi.UnifiTest.UnifiPageTitle(UnifiTest.java:128)
]]></failure>
    <system-out><![CDATA[WebDriverRemoteWebDriver: chrome on WINDOWS (5766ce57960842eeab1f5be065360d9a)
SauceOnDemandSessionID=5766ce57960842eeab1f5be065360d9a job-name=UnifiPageTitle
WebDriverRemoteWebDriver: chrome on WINDOWS (f28960515ef7446dbb1e1253bd56bc5a)
SauceOnDemandSessionID=f28960515ef7446dbb1e1253bd56bc5a job-name=UnifiFunc
]]></system-out>
    <system-err><![CDATA[Feb 07, 2023 9:50:27 AM org.openqa.selenium.remote.ProtocolHandshake createSession
INFO: Detected dialect: OSS
Feb 07, 2023 9:50:28 AM org.openqa.selenium.remote.ProtocolHandshake createSession
INFO: Detected dialect: OSS
]]></system-err>
  </testcase>
  <testcase name="UnifiPageTitle" classname="com.unifi.UnifiTest" time="1.517">
    <failure message="expected [Unifi - North America&amp;#039;s Largest Provider of Aviation Services] but found [Unifi - North America&apos;s Largest Provider of Aviation Services]" type="java.lang.AssertionError"><![CDATA[java.lang.AssertionError: expected [Unifi - North America&#039;s Largest Provider of Aviation Services] but found [Unifi - North America's Largest Provider of Aviation Services]
	at com.unifi.UnifiTest.UnifiPageTitle(UnifiTest.java:128)
]]></failure>
    <system-out><![CDATA[WebDriverRemoteWebDriver: firefox on ANY (a17a8de2e0f34582b9081d059d2b582c)
SauceOnDemandSessionID=a17a8de2e0f34582b9081d059d2b582c job-name=UnifiPageTitle
WebDriverRemoteWebDriver: firefox on ANY (e363a0486b5d43be8078d18db90933dd)
SauceOnDemandSessionID=e363a0486b5d43be8078d18db90933dd job-name=UnifiFunc
]]></system-out>
    <system-err><![CDATA[Feb 07, 2023 9:50:29 AM org.openqa.selenium.remote.ProtocolHandshake createSession
INFO: Detected dialect: OSS
Feb 07, 2023 9:50:29 AM org.openqa.selenium.remote.ProtocolHandshake createSession
INFO: Detected dialect: OSS
]]></system-err>
  </testcase>
  <testcase name="UnifiPageTitle" classname="com.unifi.UnifiTest" time="2.01">
    <failure message="expected [Unifi - North America&amp;#039;s Largest Provider of Aviation Services] but found [Unifi - North America&apos;s Largest Provider of Aviation Services]" type="java.lang.AssertionError"><![CDATA[java.lang.AssertionError: expected [Unifi - North America&#039;s Largest Provider of Aviation Services] but found [Unifi - North America's Largest Provider of Aviation Services]
	at com.unifi.UnifiTest.UnifiPageTitle(UnifiTest.java:128)
]]></failure>
  </testcase>
  <testcase name="UnifiPageTitle" classname="com.unifi.UnifiTest" time="4.725">
    <failure message="expected [Unifi - North America&amp;#039;s Largest Provider of Aviation Services] but found [Unifi - North America&apos;s Largest Provider of Aviation Services]" type="java.lang.AssertionError"><![CDATA[java.lang.AssertionError: expected [Unifi - North America&#039;s Largest Provider of Aviation Services] but found [Unifi - North America's Largest Provider of Aviation Services]
	at com.unifi.UnifiTest.UnifiPageTitle(UnifiTest.java:128)
]]></failure>
  </testcase>
  <testcase name="UnifiPageTitle" classname="com.unifi.UnifiTest" time="10.138">
    <failure message="expected [Unifi - North America&amp;#039;s Largest Provider of Aviation Services] but found [Unifi - North America&apos;s Largest Provider of Aviation Services]" type="java.lang.AssertionError"><![CDATA[java.lang.AssertionError: expected [Unifi - North America&#039;s Largest Provider of Aviation Services] but found [Unifi - North America's Largest Provider of Aviation Services]
	at com.unifi.UnifiTest.UnifiPageTitle(UnifiTest.java:128)
]]></failure>
    <system-out><![CDATA[WebDriverRemoteWebDriver: Chrome on LINUX (11616f11-a9d8-46ba-b9a9-869d890e0fea)
WebDriverRemoteWebDriver: Chrome on LINUX (038325bc-a5dd-4dd0-a0a3-69419f520d31)
SauceOnDemandSessionID=11616f11-a9d8-46ba-b9a9-869d890e0fea job-name=UnifiFunc
SauceOnDemandSessionID=038325bc-a5dd-4dd0-a0a3-69419f520d31 job-name=UnifiPageTitle
]]></system-out>
    <system-err><![CDATA[Feb 07, 2023 9:50:40 AM org.openqa.selenium.remote.ProtocolHandshake createSession
INFO: Detected dialect: OSS
Feb 07, 2023 9:50:40 AM org.openqa.selenium.remote.ProtocolHandshake createSession
INFO: Detected dialect: OSS
]]></system-err>
  </testcase>
  <testcase name="UnifiPageTitle" classname="com.unifi.UnifiTest" time="2.643">
    <failure message="expected [Unifi - North America&amp;#039;s Largest Provider of Aviation Services] but found [Unifi - North America&apos;s Largest Provider of Aviation Services]" type="java.lang.AssertionError"><![CDATA[java.lang.AssertionError: expected [Unifi - North America&#039;s Largest Provider of Aviation Services] but found [Unifi - North America's Largest Provider of Aviation Services]
	at com.unifi.UnifiTest.UnifiPageTitle(UnifiTest.java:128)
]]></failure>
  </testcase>
  <testcase name="UnifiPageTitle" classname="com.unifi.UnifiTest" time="3.167">
    <failure message="expected [Unifi - North America&amp;#039;s Largest Provider of Aviation Services] but found [Appium: Mobile App Automation Made Awesome.]" type="java.lang.AssertionError"><![CDATA[java.lang.AssertionError: expected [Unifi - North America&#039;s Largest Provider of Aviation Services] but found [Appium: Mobile App Automation Made Awesome.]
	at com.unifi.UnifiTest.UnifiPageTitle(UnifiTest.java:128)
]]></failure>
    <system-out><![CDATA[WebDriverRemoteWebDriver: safari on MAC (e7241bf0-5e17-4c73-af1a-4c20153fc6c7)
SauceOnDemandSessionID=e7241bf0-5e17-4c73-af1a-4c20153fc6c7 job-name=UnifiPageTitle
]]></system-out>
    <system-err><![CDATA[Feb 07, 2023 9:50:48 AM org.openqa.selenium.remote.ProtocolHandshake createSession
INFO: Detected dialect: OSS
]]></system-err>
  </testcase>
  <testcase name="UnifiPageTitle" classname="com.unifi.UnifiTest" time="2.168">
    <failure message="expected [Unifi - North America&amp;#039;s Largest Provider of Aviation Services] but found [Appium: Mobile App Automation Made Awesome.]" type="java.lang.AssertionError"><![CDATA[java.lang.AssertionError: expected [Unifi - North America&#039;s Largest Provider of Aviation Services] but found [Appium: Mobile App Automation Made Awesome.]
	at com.unifi.UnifiTest.UnifiPageTitle(UnifiTest.java:128)
]]></failure>
  </testcase>
  <testcase name="UnifiPageTitle" classname="com.unifi.UnifiTest" time="35.945">
    <failure message="expected [Unifi - North America&amp;#039;s Largest Provider of Aviation Services] but found [Unifi - North America&apos;s Largest Provider of Aviation Services]" type="java.lang.AssertionError"><![CDATA[java.lang.AssertionError: expected [Unifi - North America&#039;s Largest Provider of Aviation Services] but found [Unifi - North America's Largest Provider of Aviation Services]
	at com.unifi.UnifiTest.UnifiPageTitle(UnifiTest.java:128)
]]></failure>
  </testcase>
  <testcase name="UnifiPageTitle" classname="com.unifi.UnifiTest" time="36.342">
    <failure message="Sauce could not start your job. For more information on what happened, please visit https://app.saucelabs.com/tests/90194a4265d64684b0afd3dd6dd20383 (WARNING: The server did not provide any stacktrace information)&#10;Command duration or timeout: 72.52 seconds&#10;Build info: version: &apos;3.14.0&apos;, revision: &apos;aacccce0&apos;, time: &apos;2018-08-02T20:19:58.91Z&apos;&#10;System info: host: &apos;SL-2037&apos;, ip: &apos;fe80:0:0:0:e2:15a9:cd5e:95f4%en0&apos;, os.name: &apos;Mac OS X&apos;, os.arch: &apos;x86_64&apos;, os.version: &apos;10.16&apos;, java.version: &apos;1.8.0_271&apos;&#10;Driver info: driver.version: RemoteWebDriver" type="org.openqa.selenium.WebDriverException">org.openqa.selenium.WebDriverException: 
Sauce could not start your job. For more information on what happened, please visit https://app.saucelabs.com/tests/90194a4265d64684b0afd3dd6dd20383 (WARNING: The server did not provide any stacktrace information)
Command duration or timeout: 72.52 seconds
Build info: version: '3.14.0', revision: 'aacccce0', time: '2018-08-02T20:19:58.91Z'
System info: host: 'SL-2037', ip: 'fe80:0:0:0:e2:15a9:cd5e:95f4%en0', os.name: 'Mac OS X', os.arch: 'x86_64', os.version: '10.16', java.version: '1.8.0_271'
Driver info: driver.version: RemoteWebDriver
	at com.unifi.UnifiTest.createDriver(UnifiTest.java:88)
	at com.unifi.UnifiTest.UnifiPageTitle(UnifiTest.java:126)
</failure>
  </testcase>
  <testcase name="UnifiPageTitle" classname="com.unifi.UnifiTest" time="38.882">
    <failure message="expected [Unifi - North America&amp;#039;s Largest Provider of Aviation Services] but found [Unifi - North America&apos;s Largest Provider of Aviation Services]" type="java.lang.AssertionError"><![CDATA[java.lang.AssertionError: expected [Unifi - North America&#039;s Largest Provider of Aviation Services] but found [Unifi - North America's Largest Provider of Aviation Services]
	at com.unifi.UnifiTest.UnifiPageTitle(UnifiTest.java:128)
]]></failure>
  </testcase>
  <testcase name="UnifiPageTitle" classname="com.unifi.UnifiTest" time="90.064">
    <failure message="expected [Unifi - North America&amp;#039;s Largest Provider of Aviation Services] but found [Unifi - North America&apos;s Largest Provider of Aviation Services]" type="java.lang.AssertionError"><![CDATA[java.lang.AssertionError: expected [Unifi - North America&#039;s Largest Provider of Aviation Services] but found [Unifi - North America's Largest Provider of Aviation Services]
	at com.unifi.UnifiTest.UnifiPageTitle(UnifiTest.java:128)
]]></failure>
  </testcase>
  <testcase name="UnifiFunc" classname="com.unifi.UnifiTest" time="12.192"/>
  <testcase name="UnifiFunc" classname="com.unifi.UnifiTest" time="1.134"/>
  <testcase name="UnifiFunc" classname="com.unifi.UnifiTest" time="2.58"/>
  <testcase name="UnifiFunc" classname="com.unifi.UnifiTest" time="0.977"/>
  <testcase name="UnifiFunc" classname="com.unifi.UnifiTest" time="4.803"/>
  <testcase name="UnifiFunc" classname="com.unifi.UnifiTest" time="4.969"/>
  <testcase name="UnifiFunc" classname="com.unifi.UnifiTest" time="15.794"/>
  <testcase name="UnifiFunc" classname="com.unifi.UnifiTest" time="16.458">
    <failure message="Infrastructure Error -- The Sauce VMs failed to start the browser or device.&#10;For more info, please check https://docs.saucelabs.com/dev/error-messages (WARNING: The server did not provide any stacktrace information)&#10;Command duration or timeout: 52.60 seconds&#10;Build info: version: &apos;3.14.0&apos;, revision: &apos;aacccce0&apos;, time: &apos;2018-08-02T20:19:58.91Z&apos;&#10;System info: host: &apos;SL-2037&apos;, ip: &apos;fe80:0:0:0:e2:15a9:cd5e:95f4%en0&apos;, os.name: &apos;Mac OS X&apos;, os.arch: &apos;x86_64&apos;, os.version: &apos;10.16&apos;, java.version: &apos;1.8.0_271&apos;&#10;Driver info: driver.version: RemoteWebDriver" type="org.openqa.selenium.WebDriverException">org.openqa.selenium.WebDriverException: 
Infrastructure Error -- The Sauce VMs failed to start the browser or device.
For more info, please check https://docs.saucelabs.com/dev/error-messages (WARNING: The server did not provide any stacktrace information)
Command duration or timeout: 52.60 seconds
Build info: version: '3.14.0', revision: 'aacccce0', time: '2018-08-02T20:19:58.91Z'
System info: host: 'SL-2037', ip: 'fe80:0:0:0:e2:15a9:cd5e:95f4%en0', os.name: 'Mac OS X', os.arch: 'x86_64', os.version: '10.16', java.version: '1.8.0_271'
Driver info: driver.version: RemoteWebDriver
	at com.unifi.UnifiTest.createDriver(UnifiTest.java:88)
	at com.unifi.UnifiTest.UnifiFunc(UnifiTest.java:133)
</failure>
    <system-out><![CDATA[WebDriverRemoteWebDriver: safari on MAC (b72f8c7a-6fae-42d4-a134-9e96368f0adb)
SauceOnDemandSessionID=b72f8c7a-6fae-42d4-a134-9e96368f0adb job-name=UnifiFunc
]]></system-out>
    <system-err><![CDATA[Feb 07, 2023 9:51:05 AM org.openqa.selenium.remote.ProtocolHandshake createSession
INFO: Detected dialect: OSS
]]></system-err>
  </testcase>
  <testcase name="UnifiFunc" classname="com.unifi.UnifiTest" time="17.958">
    <failure message="expected [Values, Vision, Purpose, and Culture - Unifi] but found [Appium: Mobile App Automation Made Awesome.]" type="java.lang.AssertionError">java.lang.AssertionError: expected [Values, Vision, Purpose, and Culture - Unifi] but found [Appium: Mobile App Automation Made Awesome.]
	at com.unifi.UnifiTest.UnifiFunc(UnifiTest.java:135)
</failure>
  </testcase>
  <testcase name="UnifiFunc" classname="com.unifi.UnifiTest" time="35.732">
    <failure message="expected [Values, Vision, Purpose, and Culture - Unifi] but found [Appium: Mobile App Automation Made Awesome.]" type="java.lang.AssertionError">java.lang.AssertionError: expected [Values, Vision, Purpose, and Culture - Unifi] but found [Appium: Mobile App Automation Made Awesome.]
	at com.unifi.UnifiTest.UnifiFunc(UnifiTest.java:135)
</failure>
    <system-out><![CDATA[WebDriverRemoteWebDriver: Chrome on LINUX (130a77f1-2f0f-40c8-8d9d-c71e236e9f5c)
SauceOnDemandSessionID=130a77f1-2f0f-40c8-8d9d-c71e236e9f5c job-name=UnifiFunc
WebDriverRemoteWebDriver: Chrome on LINUX (738f81c4-42be-4871-9595-65a35d72860a)
SauceOnDemandSessionID=738f81c4-42be-4871-9595-65a35d72860a job-name=UnifiPageTitle
WebDriverRemoteWebDriver: safari on MAC (d91470fb-e094-446f-b76e-6d15fec28e5b)
SauceOnDemandSessionID=d91470fb-e094-446f-b76e-6d15fec28e5b job-name=UnifiFunc
]]></system-out>
    <system-err><![CDATA[Feb 07, 2023 9:51:11 AM org.openqa.selenium.remote.ProtocolHandshake createSession
INFO: Detected dialect: OSS
Feb 07, 2023 9:51:15 AM org.openqa.selenium.remote.ProtocolHandshake createSession
INFO: Detected dialect: OSS
Feb 07, 2023 9:51:21 AM org.openqa.selenium.remote.ProtocolHandshake createSession
INFO: Detected dialect: OSS
]]></system-err>
  </testcase>
  <testcase name="UnifiFunc" classname="com.unifi.UnifiTest" time="50.664"/>
  <testcase name="UnifiFunc" classname="com.unifi.UnifiTest" time="68.789"/>
  <testcase name="UnifiFunc" classname="com.unifi.UnifiTest" time="287.863"/>
  <testcase name="tearDown" classname="com.unifi.UnifiTest" time="16.459">
    <failure type="java.lang.NullPointerException">java.lang.NullPointerException
	at com.unifi.UnifiTest.tearDown(UnifiTest.java:110)
</failure>
  </testcase>
  <testcase name="tearDown" classname="com.unifi.UnifiTest" time="0">
    <skipped/>
  </testcase>
  <testcase name="tearDown" classname="com.unifi.UnifiTest" time="0">
    <skipped/>
  </testcase>
  <testcase name="tearDown" classname="com.unifi.UnifiTest" time="0">
    <skipped/>
  </testcase>
  <testcase name="tearDown" classname="com.unifi.UnifiTest" time="0">
    <skipped/>
  </testcase>
  <testcase name="tearDown" classname="com.unifi.UnifiTest" time="0">
    <skipped/>
  </testcase>
  <testcase name="tearDown" classname="com.unifi.UnifiTest" time="0">
    <skipped/>
  </testcase>
  <testcase name="tearDown" classname="com.unifi.UnifiTest" time="0">
    <skipped/>
  </testcase>
  <testcase name="tearDown" classname="com.unifi.UnifiTest" time="0">
    <skipped/>
  </testcase>
  <testcase name="tearDown" classname="com.unifi.UnifiTest" time="0">
    <skipped/>
  </testcase>
</testsuite>